<?xml version="1.0" encoding="UTF-8"?>
<testsuite xmlns:xsi="http://www.w3.org/2001/XMLSchema-instance" xsi:noNamespaceSchemaLocation="https://maven.apache.org/surefire/maven-surefire-plugin/xsd/surefire-test-report-3.0.xsd" version="3.0" name="boulderdash.utils.PositionTest" time="0.002" tests="19" errors="0" skipped="0" failures="0">
  <properties>
[...]
</properties>
  <testcase name="testAdd_1" classname="boulderdash.utils.PositionTest" time="0.0"/>
  <testcase name="testMul_1" classname="boulderdash.utils.PositionTest" time="0.0"/>
  <testcase name="testSub_1" classname="boulderdash.utils.PositionTest" time="0.001"/>
  <testcase name="testHashCode_1" classname="boulderdash.utils.PositionTest" time="0.0"/>
  <testcase name="testClone_1" classname="boulderdash.utils.PositionTest" time="0.0"/>
  <testcase name="testPosition_1" classname="boulderdash.utils.PositionTest" time="0.0"/>
  <testcase name="testPosition_2" classname="boulderdash.utils.PositionTest" time="0.0"/>
  <testcase name="testPosition_3" classname="boulderdash.utils.PositionTest" time="0.0"/>
  <testcase name="testToString_1" classname="boulderdash.utils.PositionTest" time="0.0"/>
  <testcase name="testEquals_1" classname="boulderdash.utils.PositionTest" time="0.0"/>
  <testcase name="testEquals_2" classname="boulderdash.utils.PositionTest" time="0.0"/>
  <testcase name="testEquals_3" classname="boulderdash.utils.PositionTest" time="0.0"/>
  <testcase name="testEquals_4" classname="boulderdash.utils.PositionTest" time="0.0"/>
  <testcase name="testEquals_5" classname="boulderdash.utils.PositionTest" time="0.0"/>
  <testcase name="testEquals_6" classname="boulderdash.utils.PositionTest" time="0.0"/>
  <testcase name="testGetX_1" classname="boulderdash.utils.PositionTest" time="0.0"/>
  <testcase name="testGetY_1" classname="boulderdash.utils.PositionTest" time="0.0"/>
  <testcase name="testSetX_1" classname="boulderdash.utils.PositionTest" time="0.0"/>
  <testcase name="testSetY_1" classname="boulderdash.utils.PositionTest" time="0.0"/>
</testsuite>